{
  "RSpec": {
    "coverage": {
      "/Users/woffendm/cs480/milestone5/spec/compiler_spec.rb": [
        1,
        null,
        null,
        null,
        1,
        null,
        1,
        null,
        1,
        1,
        null,
        1,
        1,
        null,
        null,
        1,
        1,
        null,
        null,
        1,
        1,
        null,
        null,
        1,
        1,
        null,
        null,
        1,
        1,
        null,
        null,
        1,
        1,
        null,
        null,
        1,
        1,
        null,
        null,
        null,
        null,
        null,
        1,
        null,
        1,
        null,
        null,
        1,
        2,
        null,
        null,
        1,
        2,
        null,
        null,
        null,
        null,
        1,
        2,
        null,
        null,
        1,
        2,
        null,
        null,
        1,
        2,
        null,
        null,
        1,
        2,
        null,
        null,
        1,
        2,
        null,
        null,
        1,
        2,
        null,
        null,
        1,
        2,
        null,
        null,
        1,
        2,
        null,
        null,
        null,
        null,
        null,
        null
      ],
      "/Users/woffendm/cs480/milestone5/compiler.rb": [
        1,
        null,
        null,
        null,
        null,
        null,
        1,
        null,
        null,
        null,
        null,
        null,
        null,
        1,
        17,
        9,
        9,
        7,
        null,
        null,
        null,
        null,
        null,
        null
      ],
      "/Users/woffendm/cs480/milestone5/parser.rb": [
        1,
        1,
        1,
        null,
        null,
        1,
        1,
        16,
        null,
        null,
        null,
        1,
        1,
        0,
        null,
        null,
        null,
        null,
        null,
        null,
        null,
        1,
        null,
        1,
        null,
        1,
        29,
        29,
        29,
        29,
        29,
        29,
        null,
        null,
        1,
        2804,
        650,
        null,
        null,
        0,
        null,
        null,
        650,
        null,
        null,
        0,
        0,
        null,
        null,
        null,
        null,
        null,
        null,
        1,
        405,
        null,
        null,
        null,
        null,
        1,
        107,
        107,
        107,
        null,
        null,
        null,
        null,
        1,
        99,
        null,
        null,
        null,
        null,
        null,
        null,
        null,
        1,
        650,
        1164,
        null,
        650,
        null,
        306,
        null,
        null,
        344,
        344,
        null,
        null,
        null,
        null,
        null,
        1,
        29,
        29,
        29,
        29,
        29,
        29,
        null,
        null,
        546,
        546,
        546,
        null,
        null,
        546,
        null,
        null,
        546,
        13,
        13,
        null,
        2,
        null,
        null,
        null,
        null,
        531,
        103,
        null,
        null,
        null,
        4,
        null,
        null,
        null,
        428,
        null,
        null,
        306,
        null,
        null,
        112,
        null,
        null,
        10,
        null,
        null,
        null,
        null,
        null,
        405,
        99,
        null,
        null,
        405,
        null,
        405,
        null,
        null,
        null,
        405,
        107,
        107,
        null,
        null,
        405,
        405,
        null,
        null,
        405,
        99,
        null,
        null,
        null,
        null,
        16,
        0,
        null,
        16,
        null,
        null,
        null,
        405,
        null,
        null,
        0,
        0,
        0,
        null,
        null,
        0,
        null,
        null,
        null,
        null,
        null,
        1,
        0,
        null,
        null,
        null
      ],
      "/Users/woffendm/cs480/milestone5/scanner.rb": [
        1,
        null,
        null,
        1,
        1,
        5,
        null,
        null,
        null,
        1,
        1,
        null,
        null,
        1,
        27,
        27,
        11,
        1,
        1,
        null,
        null,
        1,
        157,
        null,
        157,
        157,
        157,
        157,
        157,
        157,
        157,
        157,
        157,
        157,
        2017,
        2017,
        2017,
        2017,
        null,
        2017,
        null,
        1064,
        null,
        157,
        null,
        null,
        null,
        null,
        null,
        null,
        null,
        22,
        null,
        26,
        null,
        6,
        null,
        2,
        null,
        3,
        null,
        3,
        null,
        2,
        null,
        3,
        null,
        9,
        null,
        8,
        null,
        111,
        null,
        111,
        null,
        2,
        null,
        13,
        null,
        13,
        null,
        8,
        null,
        15,
        null,
        22,
        null,
        9,
        null,
        9,
        null,
        6,
        null,
        33,
        null,
        21,
        null,
        12,
        null,
        12,
        12,
        null,
        null,
        null,
        null,
        null,
        null,
        124,
        124,
        null,
        35,
        35,
        null,
        4,
        163,
        null,
        null,
        3,
        null,
        2,
        2,
        null,
        1,
        1,
        1,
        null,
        null,
        9,
        null,
        5,
        5,
        null,
        4,
        4,
        4,
        null,
        null,
        8,
        null,
        8,
        8,
        null,
        0,
        0,
        0,
        null,
        null,
        2,
        null,
        1,
        1,
        null,
        1,
        1,
        1,
        null,
        null,
        null,
        null,
        null,
        13,
        null,
        11,
        null,
        1,
        1,
        1,
        null,
        1,
        1,
        1,
        1,
        1,
        null,
        0,
        0,
        0,
        null,
        null,
        11,
        null,
        8,
        1,
        1,
        1,
        1,
        null,
        7,
        7,
        null,
        1,
        1,
        1,
        null,
        2,
        2,
        2,
        2,
        2,
        null,
        0,
        0,
        0,
        null,
        null,
        null,
        null,
        null,
        13,
        null,
        11,
        null,
        1,
        1,
        1,
        null,
        1,
        1,
        1,
        1,
        1,
        null,
        0,
        0,
        0,
        null,
        null,
        11,
        null,
        9,
        null,
        1,
        1,
        1,
        null,
        1,
        1,
        1,
        1,
        1,
        null,
        0,
        0,
        0,
        null,
        null,
        9,
        null,
        7,
        1,
        1,
        1,
        1,
        null,
        6,
        6,
        null,
        1,
        1,
        1,
        null,
        1,
        1,
        1,
        1,
        1,
        null,
        0,
        0,
        0,
        null,
        null,
        null,
        null,
        null,
        8,
        null,
        6,
        null,
        1,
        1,
        1,
        null,
        1,
        1,
        1,
        1,
        1,
        null,
        null,
        0,
        0,
        0,
        null,
        null,
        6,
        null,
        4,
        1,
        1,
        1,
        1,
        null,
        3,
        3,
        null,
        1,
        1,
        1,
        null,
        1,
        1,
        1,
        1,
        1,
        null,
        null,
        0,
        0,
        0,
        null,
        null,
        null,
        null,
        null,
        15,
        null,
        13,
        null,
        1,
        1,
        1,
        null,
        1,
        1,
        1,
        1,
        1,
        null,
        null,
        0,
        0,
        0,
        null,
        null,
        13,
        null,
        11,
        null,
        1,
        1,
        1,
        null,
        1,
        1,
        1,
        1,
        1,
        null,
        null,
        0,
        0,
        0,
        null,
        null,
        11,
        null,
        9,
        null,
        1,
        1,
        1,
        null,
        1,
        1,
        1,
        1,
        1,
        null,
        null,
        0,
        0,
        0,
        null,
        null,
        9,
        null,
        7,
        1,
        1,
        1,
        1,
        null,
        6,
        6,
        null,
        1,
        1,
        1,
        null,
        1,
        1,
        1,
        1,
        1,
        null,
        null,
        0,
        0,
        0,
        null,
        null,
        null,
        null,
        null,
        22,
        null,
        11,
        1,
        1,
        1,
        1,
        null,
        10,
        10,
        null,
        8,
        null,
        1,
        1,
        1,
        null,
        2,
        2,
        2,
        2,
        2,
        null,
        null,
        0,
        0,
        0,
        null,
        null,
        8,
        null,
        6,
        3,
        3,
        3,
        3,
        null,
        3,
        3,
        null,
        1,
        1,
        1,
        null,
        1,
        1,
        1,
        1,
        1,
        null,
        null,
        0,
        0,
        0,
        null,
        null,
        null,
        null,
        null,
        9,
        null,
        7,
        null,
        1,
        1,
        1,
        null,
        1,
        1,
        1,
        1,
        1,
        null,
        null,
        0,
        0,
        0,
        null,
        null,
        7,
        null,
        5,
        1,
        1,
        1,
        1,
        null,
        4,
        4,
        null,
        1,
        1,
        1,
        null,
        1,
        1,
        1,
        1,
        1,
        null,
        null,
        0,
        0,
        0,
        null,
        null,
        null,
        null,
        null,
        9,
        null,
        7,
        null,
        1,
        1,
        1,
        null,
        1,
        1,
        1,
        1,
        1,
        null,
        null,
        0,
        0,
        0,
        null,
        null,
        7,
        null,
        5,
        1,
        1,
        1,
        1,
        null,
        4,
        4,
        null,
        1,
        1,
        1,
        null,
        1,
        1,
        1,
        1,
        1,
        null,
        null,
        0,
        0,
        0,
        null,
        null,
        null,
        null,
        null,
        6,
        null,
        4,
        1,
        1,
        1,
        1,
        null,
        3,
        3,
        null,
        1,
        1,
        1,
        null,
        1,
        1,
        1,
        1,
        1,
        null,
        null,
        0,
        0,
        0,
        null,
        null,
        null,
        null,
        null,
        1,
        null,
        1,
        null,
        0,
        0,
        0,
        null,
        0,
        0,
        0,
        0,
        0,
        null,
        null,
        0,
        0,
        0,
        null,
        null,
        1,
        null,
        1,
        null,
        0,
        0,
        0,
        null,
        0,
        0,
        0,
        0,
        0,
        null,
        null,
        0,
        0,
        0,
        null,
        null,
        1,
        null,
        1,
        0,
        0,
        0,
        0,
        null,
        1,
        1,
        null,
        0,
        0,
        0,
        null,
        0,
        0,
        0,
        0,
        0,
        null,
        null,
        0,
        0,
        0,
        null,
        null,
        null,
        null,
        null,
        33,
        null,
        9,
        null,
        20,
        null,
        3,
        3,
        3,
        null,
        1,
        1,
        1,
        1,
        1,
        null,
        null,
        0,
        0,
        0,
        null,
        null,
        null,
        null,
        null,
        9,
        null,
        8,
        1,
        1,
        1,
        1,
        null,
        7,
        7,
        null,
        1,
        1,
        1,
        null,
        0,
        0,
        0,
        0,
        0,
        null,
        null,
        0,
        0,
        0,
        null,
        null,
        20,
        null,
        8,
        null,
        10,
        null,
        2,
        2,
        2,
        null,
        0,
        0,
        0,
        0,
        0,
        null,
        null,
        0,
        0,
        0,
        null,
        null,
        null,
        null,
        null,
        10,
        null,
        9,
        null,
        1,
        1,
        1,
        null,
        0,
        0,
        0,
        0,
        0,
        null,
        null,
        0,
        0,
        0,
        null,
        null,
        9,
        null,
        8,
        null,
        1,
        1,
        1,
        null,
        0,
        0,
        0,
        0,
        0,
        null,
        null,
        0,
        0,
        0,
        null,
        null,
        8,
        null,
        7,
        1,
        1,
        1,
        1,
        null,
        6,
        6,
        null,
        1,
        1,
        1,
        null,
        0,
        0,
        0,
        0,
        0,
        null,
        null,
        0,
        0,
        0,
        null,
        null,
        null,
        null,
        null,
        8,
        null,
        7,
        null,
        1,
        1,
        1,
        null,
        0,
        0,
        0,
        0,
        0,
        null,
        null,
        0,
        0,
        0,
        null,
        null,
        7,
        null,
        6,
        null,
        1,
        1,
        1,
        null,
        0,
        0,
        0,
        0,
        0,
        null,
        null,
        0,
        0,
        0,
        null,
        null,
        6,
        null,
        5,
        1,
        1,
        1,
        1,
        null,
        4,
        4,
        null,
        1,
        1,
        1,
        null,
        0,
        0,
        0,
        0,
        0,
        null,
        null,
        0,
        0,
        0,
        null,
        null,
        null,
        null,
        null,
        21,
        null,
        5,
        null,
        14,
        null,
        2,
        2,
        2,
        null,
        0,
        0,
        0,
        0,
        0,
        null,
        null,
        0,
        0,
        0,
        null,
        null,
        null,
        null,
        null,
        5,
        null,
        3,
        1,
        1,
        1,
        1,
        null,
        2,
        2,
        null,
        1,
        1,
        1,
        null,
        1,
        1,
        1,
        1,
        1,
        null,
        null,
        0,
        0,
        0,
        null,
        null,
        null,
        null,
        null,
        14,
        null,
        12,
        null,
        1,
        1,
        1,
        null,
        1,
        1,
        1,
        1,
        1,
        null,
        null,
        0,
        0,
        0,
        null,
        null,
        12,
        null,
        10,
        0,
        0,
        0,
        0,
        null,
        10,
        10,
        null,
        1,
        1,
        1,
        null,
        1,
        1,
        1,
        1,
        1,
        null,
        null,
        0,
        0,
        0,
        null,
        null,
        null,
        null,
        null,
        12,
        null,
        10,
        null,
        1,
        1,
        1,
        null,
        1,
        1,
        1,
        1,
        1,
        null,
        null,
        0,
        0,
        0,
        null,
        null,
        10,
        null,
        9,
        null,
        1,
        1,
        1,
        null,
        0,
        0,
        0,
        0,
        0,
        null,
        null,
        0,
        0,
        0,
        null,
        null,
        9,
        null,
        7,
        null,
        1,
        1,
        1,
        null,
        1,
        1,
        1,
        1,
        1,
        null,
        null,
        0,
        0,
        0,
        null,
        null,
        7,
        null,
        5,
        0,
        0,
        0,
        0,
        null,
        5,
        5,
        null,
        1,
        1,
        1,
        null,
        1,
        1,
        1,
        1,
        1,
        null,
        null,
        0,
        0,
        0,
        null,
        null,
        null,
        null,
        null,
        null,
        null,
        null,
        null,
        null,
        78,
        null,
        12,
        12,
        12,
        null,
        66,
        null,
        null,
        null,
        null,
        null,
        null,
        null,
        18,
        null,
        31,
        31,
        31,
        93,
        6,
        3,
        3,
        3,
        3,
        null,
        3,
        3,
        3,
        3,
        3,
        3,
        3,
        null,
        0,
        0,
        0,
        0,
        null,
        null,
        87,
        87,
        87,
        87,
        142,
        null,
        null,
        null,
        null,
        null,
        null,
        157,
        50,
        13,
        7,
        7,
        null,
        6,
        6,
        6,
        6,
        6,
        null,
        0,
        0,
        0,
        0,
        0,
        null,
        null,
        37,
        37,
        37,
        37,
        37,
        207,
        null,
        null,
        null,
        null,
        null,
        null,
        38,
        null,
        76,
        76,
        76,
        76,
        114,
        541,
        null,
        null,
        null,
        null,
        5,
        5,
        5,
        5,
        5,
        5,
        null,
        0,
        null,
        null,
        null,
        1804,
        null,
        null,
        157,
        null,
        null,
        null,
        1,
        54,
        54,
        54,
        null,
        54,
        105,
        105,
        null,
        null,
        54,
        54,
        null,
        null,
        null,
        1,
        0,
        null,
        null,
        null
      ],
      "/Users/woffendm/cs480/milestone5/tokens.rb": [
        null,
        null,
        1,
        1,
        null,
        1,
        0,
        null,
        null,
        1,
        9730,
        null,
        null,
        1,
        0,
        null,
        null,
        1,
        409,
        null,
        null,
        null,
        1,
        656,
        656,
        656,
        null,
        null,
        1,
        643,
        null,
        null,
        null,
        null,
        1,
        null,
        null,
        null,
        null,
        1,
        null,
        null,
        1,
        null,
        null,
        null,
        null,
        1,
        null,
        null,
        1,
        null,
        null,
        1,
        null,
        null,
        1,
        null,
        null,
        1,
        null,
        null,
        1,
        null,
        null,
        1,
        null,
        null,
        1,
        null,
        null,
        1,
        null,
        null,
        1,
        null,
        null,
        1,
        null,
        null,
        1,
        null,
        null,
        1,
        null,
        null,
        1,
        null,
        null,
        1,
        null,
        null,
        1,
        null,
        null,
        null,
        null,
        1,
        null,
        null,
        1,
        null,
        null,
        1,
        null,
        null,
        1,
        null,
        null,
        1,
        null,
        null,
        1,
        null,
        null,
        null,
        null,
        1,
        null,
        null,
        1,
        null,
        null,
        null,
        null,
        1,
        null,
        null,
        1,
        null,
        null,
        1,
        null,
        null,
        1,
        null,
        null,
        1,
        null,
        null,
        null,
        null,
        null,
        1,
        null,
        null,
        null,
        1,
        null,
        null,
        null,
        1,
        null,
        null,
        null,
        1,
        null
      ],
      "/Users/woffendm/cs480/milestone5/transitions.rb": [
        null,
        null,
        1,
        1,
        772,
        null,
        1,
        550,
        null,
        1,
        13159,
        null,
        1,
        0,
        0,
        0,
        null,
        null,
        null,
        null,
        1,
        1,
        376,
        null,
        null,
        null,
        null,
        1,
        1,
        505,
        null,
        null,
        1,
        210,
        null,
        null,
        null,
        null,
        1,
        1,
        383,
        null,
        null,
        null,
        null,
        1,
        1,
        225,
        null,
        null,
        null,
        null,
        1,
        1,
        99,
        null,
        null,
        null,
        1,
        1,
        282,
        null,
        null,
        null,
        null,
        null,
        null,
        null,
        null,
        1,
        1,
        349,
        null,
        null,
        null,
        null,
        1,
        1,
        299,
        null,
        null,
        null,
        1,
        1,
        297,
        null,
        null,
        null,
        1,
        1,
        343,
        null,
        null,
        null,
        1,
        1,
        33,
        null,
        null,
        null,
        1,
        1,
        564,
        null,
        null,
        null,
        1,
        1,
        515,
        null,
        null,
        null,
        null,
        null,
        null,
        1,
        1,
        0,
        null,
        null,
        null,
        1,
        1,
        254,
        null,
        null,
        null,
        null,
        1,
        1,
        23,
        null,
        null,
        null,
        null,
        1,
        1,
        12,
        null,
        null,
        null,
        1,
        1,
        17,
        null,
        null,
        null,
        1,
        1,
        14,
        null,
        null,
        null,
        1,
        1,
        7,
        null,
        null
      ],
      "/Users/woffendm/cs480/milestone5/nary_tree.rb": [
        1,
        null,
        1,
        1,
        2,
        null,
        null,
        null,
        null,
        null,
        null,
        null,
        null,
        null,
        1,
        1,
        null,
        1,
        541,
        541,
        null,
        null,
        null,
        null,
        null,
        null,
        1,
        null,
        4,
        1,
        1,
        3,
        null,
        null,
        null,
        null,
        null,
        1,
        null,
        3,
        null,
        2,
        2,
        null,
        1,
        1,
        null,
        null,
        null,
        6,
        3,
        3,
        3,
        null,
        null,
        3,
        null,
        null,
        6,
        null,
        1,
        null,
        null,
        3,
        null,
        null,
        null,
        null,
        null,
        1,
        null,
        21,
        null,
        7,
        null,
        9,
        null,
        21,
        7,
        null,
        null,
        null,
        82,
        21,
        21,
        21,
        null,
        null,
        21,
        null,
        null,
        21,
        null,
        14,
        null,
        null,
        null,
        21,
        7,
        5,
        null,
        2,
        null,
        null,
        null,
        21,
        null,
        null,
        null,
        null,
        null,
        null,
        null,
        1,
        null,
        41,
        32,
        null,
        null,
        null,
        41,
        104,
        32,
        null,
        null,
        null,
        141,
        141,
        39,
        39,
        null,
        39,
        39,
        null,
        null,
        null,
        null,
        2,
        1,
        null,
        1,
        null,
        null,
        null,
        2,
        1,
        1,
        1,
        null,
        0,
        null,
        null,
        null,
        6,
        2,
        4,
        1,
        3,
        2,
        1,
        1,
        null,
        0,
        null,
        null,
        null,
        6,
        3,
        3,
        3,
        null,
        0,
        null,
        null,
        6,
        0,
        6,
        4,
        2,
        1,
        null,
        1,
        null,
        null,
        4,
        4,
        null,
        0,
        null,
        null,
        1,
        1,
        null,
        0,
        null,
        null,
        null,
        null,
        39,
        null,
        null,
        null,
        null,
        null,
        null,
        1,
        67,
        67,
        null,
        null,
        null,
        11,
        7,
        null,
        4,
        null,
        null,
        4,
        null,
        1,
        null,
        1,
        null,
        1,
        null,
        4,
        22,
        null,
        null,
        null,
        null,
        1,
        null,
        1,
        null,
        26,
        28,
        null,
        null,
        null,
        null,
        2,
        null,
        1,
        3,
        null,
        null,
        14,
        1,
        null,
        13,
        null,
        null,
        null,
        null,
        null,
        null,
        1,
        487,
        474,
        null,
        null,
        487,
        null,
        null,
        null,
        null,
        1,
        104,
        null,
        104,
        97,
        null,
        null,
        null,
        null
      ],
      "/Users/woffendm/cs480/milestone5/spec/parser_spec.rb": [
        1,
        null,
        null,
        null,
        1,
        null,
        1,
        null,
        1,
        1,
        null,
        1,
        1,
        null,
        null,
        1,
        1,
        null,
        null,
        1,
        1,
        null,
        null,
        1,
        1,
        null,
        null,
        null,
        null,
        null,
        1,
        1,
        1,
        2,
        null,
        null,
        1,
        2,
        null,
        null,
        1,
        2,
        null,
        null,
        1,
        2,
        null,
        null,
        1,
        2,
        null,
        null,
        1,
        2,
        null,
        null,
        1,
        2,
        null,
        null,
        1,
        2,
        null,
        null,
        null,
        null,
        null,
        null
      ],
      "/Users/woffendm/cs480/milestone5/spec/scanner_spec.rb": [
        1,
        null,
        1,
        1,
        null,
        1,
        null,
        1,
        1,
        1,
        1,
        null,
        null,
        null,
        null,
        null,
        null,
        1,
        1,
        10,
        null,
        null,
        null,
        null,
        null,
        1,
        1,
        15,
        null,
        null,
        null,
        null,
        1,
        null,
        1,
        1,
        1,
        2,
        null,
        null,
        null,
        1,
        1,
        4,
        null,
        null,
        null,
        null,
        null,
        null,
        1,
        1,
        1,
        2,
        null,
        null,
        null,
        1,
        1,
        4,
        null,
        null,
        null,
        1,
        1,
        8,
        null,
        null,
        null,
        null,
        null,
        null,
        1,
        1,
        1,
        2,
        null,
        null,
        null,
        1,
        1,
        3,
        null,
        null,
        null,
        1,
        1,
        6,
        null,
        null,
        null,
        1,
        1,
        4,
        null,
        null,
        null,
        1,
        1,
        1,
        2,
        null,
        null,
        null,
        1,
        1,
        2,
        null,
        null,
        null,
        1,
        1,
        2,
        null,
        null,
        null,
        1,
        1,
        2,
        null,
        null,
        null,
        1,
        1,
        2,
        null,
        null,
        null,
        1,
        1,
        2,
        null,
        null,
        null,
        1,
        1,
        2,
        null,
        null,
        null,
        1,
        1,
        3,
        null,
        null,
        null,
        null,
        null,
        null,
        null,
        1,
        1,
        1,
        13,
        null,
        null,
        null,
        1,
        1,
        4,
        null,
        null,
        null,
        null,
        null,
        null,
        1,
        1,
        1,
        2,
        null,
        null,
        null,
        1,
        1,
        7,
        null,
        null,
        null,
        null,
        null,
        null,
        1,
        1,
        1,
        2,
        null,
        null,
        null,
        1,
        1,
        9,
        null,
        null,
        null,
        null,
        null,
        null,
        1,
        1,
        1,
        2,
        null,
        null,
        null,
        1,
        1,
        7,
        null,
        null,
        null,
        null,
        null,
        null,
        1,
        1,
        1,
        2,
        null,
        null,
        null,
        1,
        1,
        11,
        null,
        null,
        null,
        null,
        null,
        null,
        1,
        1,
        1,
        2,
        null,
        null,
        null,
        1,
        1,
        4,
        null,
        null,
        null,
        null,
        null,
        null,
        1,
        1,
        1,
        2,
        null,
        null,
        null,
        1,
        1,
        4,
        null,
        null,
        null,
        null,
        null,
        null,
        1,
        1,
        1,
        2,
        null,
        null,
        null,
        1,
        1,
        7,
        null,
        null,
        null,
        null,
        null,
        null,
        1,
        1,
        1,
        2,
        null,
        null,
        null,
        1,
        1,
        5,
        null,
        null,
        null,
        null,
        null,
        null,
        1,
        1,
        1,
        2,
        null,
        null,
        null,
        1,
        1,
        4,
        null,
        null,
        null,
        null,
        null,
        null,
        1,
        1,
        1,
        2,
        null,
        null,
        null,
        1,
        1,
        5,
        null,
        null,
        null,
        null,
        null,
        null,
        1,
        1,
        1,
        2,
        null,
        null,
        null,
        1,
        1,
        8,
        null,
        null,
        null,
        null,
        null,
        null,
        1,
        1,
        1,
        2,
        null,
        null,
        null,
        1,
        1,
        8,
        null,
        null,
        null,
        null,
        null,
        null,
        1,
        1,
        1,
        2,
        null,
        null,
        null,
        1,
        1,
        5,
        null,
        null,
        null,
        null,
        null,
        null,
        1,
        1,
        1,
        2,
        null,
        null,
        null,
        1,
        1,
        6,
        null,
        null,
        null,
        null,
        null,
        null,
        1,
        1,
        1,
        2,
        null,
        null,
        null,
        1,
        1,
        7,
        null,
        null,
        null,
        null,
        null,
        null,
        null
      ]
    },
    "timestamp": 1426463763
  }
}
