{
  "RSpec": {
    "coverage": {
      "/Users/woffendm/cs480/milestone4/spec/compiler_spec.rb": [
        1,
        null,
        null,
        null,
        1,
        null,
        1,
        null,
        1,
        1,
        null,
        1,
        1,
        null,
        null,
        1,
        1,
        null,
        null,
        1,
        1,
        null,
        null,
        1,
        1,
        null,
        null,
        1,
        1,
        null,
        null,
        1,
        1,
        null,
        null,
        null,
        null,
        1,
        1,
        1,
        2,
        null,
        null,
        1,
        2,
        null,
        null,
        1,
        2,
        null,
        null,
        1,
        2,
        null,
        null,
        1,
        2,
        null,
        null,
        1,
        2,
        null,
        null,
        1,
        2,
        null,
        null,
        1,
        2,
        null,
        null,
        null,
        null,
        null,
        null
      ],
      "/Users/woffendm/cs480/milestone4/compiler.rb": [
        1,
        null,
        null,
        null,
        null,
        null,
        1,
        null,
        null,
        null,
        null,
        null,
        null,
        1,
        14,
        6,
        6,
        6,
        null,
        null,
        null,
        null,
        null,
        null
      ],
      "/Users/woffendm/cs480/milestone4/parser.rb": [
        1,
        1,
        1,
        null,
        null,
        1,
        1,
        16,
        null,
        null,
        null,
        1,
        1,
        0,
        null,
        null,
        null,
        null,
        null,
        null,
        null,
        1,
        null,
        1,
        null,
        1,
        26,
        26,
        26,
        26,
        26,
        26,
        null,
        null,
        1,
        2420,
        560,
        null,
        null,
        0,
        null,
        null,
        560,
        null,
        null,
        0,
        0,
        null,
        null,
        null,
        null,
        null,
        null,
        1,
        358,
        null,
        null,
        null,
        null,
        1,
        98,
        98,
        98,
        null,
        null,
        null,
        null,
        1,
        90,
        null,
        null,
        null,
        null,
        null,
        null,
        null,
        1,
        560,
        1009,
        null,
        560,
        null,
        268,
        null,
        null,
        292,
        292,
        null,
        null,
        null,
        null,
        null,
        1,
        26,
        26,
        26,
        26,
        26,
        26,
        null,
        null,
        475,
        475,
        475,
        null,
        null,
        475,
        null,
        null,
        475,
        10,
        10,
        null,
        2,
        null,
        null,
        null,
        null,
        463,
        94,
        null,
        null,
        null,
        4,
        null,
        null,
        null,
        369,
        null,
        null,
        268,
        null,
        null,
        91,
        null,
        null,
        10,
        null,
        null,
        null,
        null,
        null,
        358,
        90,
        null,
        null,
        358,
        null,
        358,
        null,
        null,
        null,
        358,
        98,
        98,
        null,
        null,
        358,
        358,
        null,
        null,
        358,
        90,
        null,
        null,
        null,
        null,
        16,
        0,
        null,
        16,
        null,
        null,
        null,
        358,
        null,
        null,
        0,
        0,
        0,
        null,
        null,
        0,
        null,
        null,
        null,
        null,
        null,
        1,
        0,
        null,
        null,
        null
      ],
      "/Users/woffendm/cs480/milestone4/scanner.rb": [
        1,
        null,
        null,
        1,
        1,
        5,
        null,
        null,
        null,
        1,
        1,
        null,
        null,
        1,
        27,
        27,
        11,
        1,
        1,
        null,
        null,
        1,
        142,
        null,
        142,
        142,
        142,
        142,
        142,
        142,
        142,
        142,
        142,
        142,
        1822,
        1822,
        1822,
        1822,
        null,
        1822,
        null,
        964,
        null,
        142,
        null,
        null,
        null,
        null,
        null,
        null,
        null,
        21,
        null,
        22,
        null,
        6,
        null,
        2,
        null,
        2,
        null,
        2,
        null,
        2,
        null,
        3,
        null,
        8,
        null,
        8,
        null,
        102,
        null,
        102,
        null,
        2,
        null,
        12,
        null,
        13,
        null,
        8,
        null,
        15,
        null,
        21,
        null,
        9,
        null,
        7,
        null,
        5,
        null,
        30,
        null,
        18,
        null,
        10,
        null,
        10,
        10,
        null,
        null,
        null,
        null,
        null,
        null,
        111,
        111,
        null,
        35,
        35,
        null,
        4,
        150,
        null,
        null,
        3,
        null,
        2,
        2,
        null,
        1,
        1,
        1,
        null,
        null,
        8,
        null,
        5,
        5,
        null,
        3,
        3,
        3,
        null,
        null,
        8,
        null,
        8,
        8,
        null,
        0,
        0,
        0,
        null,
        null,
        2,
        null,
        1,
        1,
        null,
        1,
        1,
        1,
        null,
        null,
        null,
        null,
        null,
        12,
        null,
        10,
        null,
        1,
        1,
        1,
        null,
        1,
        1,
        1,
        1,
        1,
        null,
        0,
        0,
        0,
        null,
        null,
        10,
        null,
        8,
        1,
        1,
        1,
        1,
        null,
        7,
        7,
        null,
        1,
        1,
        1,
        null,
        1,
        1,
        1,
        1,
        1,
        null,
        0,
        0,
        0,
        null,
        null,
        null,
        null,
        null,
        13,
        null,
        11,
        null,
        1,
        1,
        1,
        null,
        1,
        1,
        1,
        1,
        1,
        null,
        0,
        0,
        0,
        null,
        null,
        11,
        null,
        9,
        null,
        1,
        1,
        1,
        null,
        1,
        1,
        1,
        1,
        1,
        null,
        0,
        0,
        0,
        null,
        null,
        9,
        null,
        7,
        1,
        1,
        1,
        1,
        null,
        6,
        6,
        null,
        1,
        1,
        1,
        null,
        1,
        1,
        1,
        1,
        1,
        null,
        0,
        0,
        0,
        null,
        null,
        null,
        null,
        null,
        8,
        null,
        6,
        null,
        1,
        1,
        1,
        null,
        1,
        1,
        1,
        1,
        1,
        null,
        null,
        0,
        0,
        0,
        null,
        null,
        6,
        null,
        4,
        1,
        1,
        1,
        1,
        null,
        3,
        3,
        null,
        1,
        1,
        1,
        null,
        1,
        1,
        1,
        1,
        1,
        null,
        null,
        0,
        0,
        0,
        null,
        null,
        null,
        null,
        null,
        15,
        null,
        13,
        null,
        1,
        1,
        1,
        null,
        1,
        1,
        1,
        1,
        1,
        null,
        null,
        0,
        0,
        0,
        null,
        null,
        13,
        null,
        11,
        null,
        1,
        1,
        1,
        null,
        1,
        1,
        1,
        1,
        1,
        null,
        null,
        0,
        0,
        0,
        null,
        null,
        11,
        null,
        9,
        null,
        1,
        1,
        1,
        null,
        1,
        1,
        1,
        1,
        1,
        null,
        null,
        0,
        0,
        0,
        null,
        null,
        9,
        null,
        7,
        1,
        1,
        1,
        1,
        null,
        6,
        6,
        null,
        1,
        1,
        1,
        null,
        1,
        1,
        1,
        1,
        1,
        null,
        null,
        0,
        0,
        0,
        null,
        null,
        null,
        null,
        null,
        21,
        null,
        11,
        1,
        1,
        1,
        1,
        null,
        10,
        10,
        null,
        7,
        null,
        1,
        1,
        1,
        null,
        2,
        2,
        2,
        2,
        2,
        null,
        null,
        0,
        0,
        0,
        null,
        null,
        7,
        null,
        6,
        3,
        3,
        3,
        3,
        null,
        3,
        3,
        null,
        1,
        1,
        1,
        null,
        0,
        0,
        0,
        0,
        0,
        null,
        null,
        0,
        0,
        0,
        null,
        null,
        null,
        null,
        null,
        9,
        null,
        7,
        null,
        1,
        1,
        1,
        null,
        1,
        1,
        1,
        1,
        1,
        null,
        null,
        0,
        0,
        0,
        null,
        null,
        7,
        null,
        5,
        1,
        1,
        1,
        1,
        null,
        4,
        4,
        null,
        1,
        1,
        1,
        null,
        1,
        1,
        1,
        1,
        1,
        null,
        null,
        0,
        0,
        0,
        null,
        null,
        null,
        null,
        null,
        7,
        null,
        6,
        null,
        1,
        1,
        1,
        null,
        0,
        0,
        0,
        0,
        0,
        null,
        null,
        0,
        0,
        0,
        null,
        null,
        6,
        null,
        5,
        1,
        1,
        1,
        1,
        null,
        4,
        4,
        null,
        1,
        1,
        1,
        null,
        0,
        0,
        0,
        0,
        0,
        null,
        null,
        0,
        0,
        0,
        null,
        null,
        null,
        null,
        null,
        5,
        null,
        4,
        1,
        1,
        1,
        1,
        null,
        3,
        3,
        null,
        1,
        1,
        1,
        null,
        0,
        0,
        0,
        0,
        0,
        null,
        null,
        0,
        0,
        0,
        null,
        null,
        null,
        null,
        null,
        1,
        null,
        1,
        null,
        0,
        0,
        0,
        null,
        0,
        0,
        0,
        0,
        0,
        null,
        null,
        0,
        0,
        0,
        null,
        null,
        1,
        null,
        1,
        null,
        0,
        0,
        0,
        null,
        0,
        0,
        0,
        0,
        0,
        null,
        null,
        0,
        0,
        0,
        null,
        null,
        1,
        null,
        1,
        0,
        0,
        0,
        0,
        null,
        1,
        1,
        null,
        0,
        0,
        0,
        null,
        0,
        0,
        0,
        0,
        0,
        null,
        null,
        0,
        0,
        0,
        null,
        null,
        null,
        null,
        null,
        30,
        null,
        7,
        null,
        20,
        null,
        3,
        3,
        3,
        null,
        0,
        0,
        0,
        0,
        0,
        null,
        null,
        0,
        0,
        0,
        null,
        null,
        null,
        null,
        null,
        7,
        null,
        6,
        1,
        1,
        1,
        1,
        null,
        5,
        5,
        null,
        1,
        1,
        1,
        null,
        0,
        0,
        0,
        0,
        0,
        null,
        null,
        0,
        0,
        0,
        null,
        null,
        20,
        null,
        8,
        null,
        10,
        null,
        2,
        2,
        2,
        null,
        0,
        0,
        0,
        0,
        0,
        null,
        null,
        0,
        0,
        0,
        null,
        null,
        null,
        null,
        null,
        10,
        null,
        9,
        null,
        1,
        1,
        1,
        null,
        0,
        0,
        0,
        0,
        0,
        null,
        null,
        0,
        0,
        0,
        null,
        null,
        9,
        null,
        8,
        null,
        1,
        1,
        1,
        null,
        0,
        0,
        0,
        0,
        0,
        null,
        null,
        0,
        0,
        0,
        null,
        null,
        8,
        null,
        7,
        1,
        1,
        1,
        1,
        null,
        6,
        6,
        null,
        1,
        1,
        1,
        null,
        0,
        0,
        0,
        0,
        0,
        null,
        null,
        0,
        0,
        0,
        null,
        null,
        null,
        null,
        null,
        8,
        null,
        7,
        null,
        1,
        1,
        1,
        null,
        0,
        0,
        0,
        0,
        0,
        null,
        null,
        0,
        0,
        0,
        null,
        null,
        7,
        null,
        6,
        null,
        1,
        1,
        1,
        null,
        0,
        0,
        0,
        0,
        0,
        null,
        null,
        0,
        0,
        0,
        null,
        null,
        6,
        null,
        5,
        1,
        1,
        1,
        1,
        null,
        4,
        4,
        null,
        1,
        1,
        1,
        null,
        0,
        0,
        0,
        0,
        0,
        null,
        null,
        0,
        0,
        0,
        null,
        null,
        null,
        null,
        null,
        18,
        null,
        4,
        null,
        12,
        null,
        2,
        2,
        2,
        null,
        0,
        0,
        0,
        0,
        0,
        null,
        null,
        0,
        0,
        0,
        null,
        null,
        null,
        null,
        null,
        4,
        null,
        3,
        1,
        1,
        1,
        1,
        null,
        2,
        2,
        null,
        1,
        1,
        1,
        null,
        0,
        0,
        0,
        0,
        0,
        null,
        null,
        0,
        0,
        0,
        null,
        null,
        null,
        null,
        null,
        12,
        null,
        11,
        null,
        1,
        1,
        1,
        null,
        0,
        0,
        0,
        0,
        0,
        null,
        null,
        0,
        0,
        0,
        null,
        null,
        11,
        null,
        9,
        0,
        0,
        0,
        0,
        null,
        9,
        9,
        null,
        1,
        1,
        1,
        null,
        1,
        1,
        1,
        1,
        1,
        null,
        null,
        0,
        0,
        0,
        null,
        null,
        null,
        null,
        null,
        10,
        null,
        9,
        null,
        1,
        1,
        1,
        null,
        0,
        0,
        0,
        0,
        0,
        null,
        null,
        0,
        0,
        0,
        null,
        null,
        9,
        null,
        8,
        null,
        1,
        1,
        1,
        null,
        0,
        0,
        0,
        0,
        0,
        null,
        null,
        0,
        0,
        0,
        null,
        null,
        8,
        null,
        7,
        null,
        1,
        1,
        1,
        null,
        0,
        0,
        0,
        0,
        0,
        null,
        null,
        0,
        0,
        0,
        null,
        null,
        7,
        null,
        5,
        0,
        0,
        0,
        0,
        null,
        5,
        5,
        null,
        1,
        1,
        1,
        null,
        1,
        1,
        1,
        1,
        1,
        null,
        null,
        0,
        0,
        0,
        null,
        null,
        null,
        null,
        null,
        null,
        null,
        null,
        null,
        null,
        62,
        null,
        10,
        10,
        10,
        null,
        52,
        null,
        null,
        null,
        null,
        null,
        null,
        null,
        16,
        null,
        29,
        29,
        29,
        82,
        6,
        3,
        3,
        3,
        3,
        null,
        3,
        3,
        3,
        3,
        3,
        3,
        3,
        null,
        0,
        0,
        0,
        0,
        null,
        null,
        76,
        76,
        76,
        76,
        127,
        null,
        null,
        null,
        null,
        null,
        null,
        143,
        47,
        12,
        7,
        7,
        null,
        5,
        5,
        5,
        5,
        5,
        null,
        0,
        0,
        0,
        0,
        0,
        null,
        null,
        35,
        35,
        35,
        35,
        35,
        190,
        null,
        null,
        null,
        null,
        null,
        null,
        26,
        null,
        66,
        66,
        66,
        66,
        92,
        471,
        null,
        null,
        null,
        null,
        5,
        5,
        5,
        5,
        5,
        5,
        null,
        0,
        null,
        null,
        null,
        1636,
        null,
        null,
        142,
        null,
        null,
        null,
        1,
        46,
        46,
        46,
        null,
        46,
        90,
        90,
        null,
        null,
        46,
        46,
        null,
        null,
        null,
        1,
        0,
        null,
        null,
        null
      ],
      "/Users/woffendm/cs480/milestone4/tokens.rb": [
        null,
        null,
        1,
        1,
        null,
        1,
        0,
        null,
        null,
        1,
        8626,
        null,
        null,
        1,
        0,
        null,
        null,
        1,
        362,
        null,
        null,
        null,
        1,
        598,
        598,
        598,
        null,
        null,
        1,
        561,
        null,
        null,
        null,
        null,
        1,
        null,
        null,
        null,
        null,
        1,
        null,
        null,
        1,
        null,
        null,
        null,
        null,
        1,
        null,
        null,
        1,
        null,
        null,
        1,
        null,
        null,
        1,
        null,
        null,
        1,
        null,
        null,
        1,
        null,
        null,
        1,
        null,
        null,
        1,
        null,
        null,
        1,
        null,
        null,
        1,
        null,
        null,
        1,
        null,
        null,
        1,
        null,
        null,
        1,
        null,
        null,
        1,
        null,
        null,
        1,
        null,
        null,
        1,
        null,
        null,
        null,
        null,
        1,
        null,
        null,
        1,
        null,
        null,
        1,
        null,
        null,
        1,
        null,
        null,
        1,
        null,
        null,
        1,
        null,
        null,
        null,
        null,
        1,
        null,
        null,
        1,
        null,
        null,
        null,
        null,
        1,
        null,
        null,
        1,
        null,
        null,
        1,
        null,
        null,
        1,
        null,
        null,
        1,
        null,
        null,
        null,
        null,
        null,
        1,
        null,
        null,
        null,
        1,
        null,
        null,
        null,
        1,
        null,
        null,
        null,
        1,
        null
      ],
      "/Users/woffendm/cs480/milestone4/transitions.rb": [
        null,
        null,
        1,
        1,
        661,
        null,
        1,
        470,
        null,
        1,
        11644,
        null,
        1,
        0,
        0,
        0,
        null,
        null,
        null,
        null,
        1,
        1,
        304,
        null,
        null,
        null,
        null,
        1,
        1,
        414,
        null,
        null,
        1,
        170,
        null,
        null,
        null,
        null,
        1,
        1,
        298,
        null,
        null,
        null,
        null,
        1,
        1,
        198,
        null,
        null,
        null,
        null,
        1,
        1,
        99,
        null,
        null,
        null,
        1,
        1,
        250,
        null,
        null,
        null,
        null,
        null,
        null,
        null,
        null,
        1,
        1,
        309,
        null,
        null,
        null,
        null,
        1,
        1,
        263,
        null,
        null,
        null,
        1,
        1,
        262,
        null,
        null,
        null,
        1,
        1,
        304,
        null,
        null,
        null,
        1,
        1,
        31,
        null,
        null,
        null,
        1,
        1,
        496,
        null,
        null,
        null,
        1,
        1,
        453,
        null,
        null,
        null,
        null,
        null,
        null,
        1,
        1,
        0,
        null,
        null,
        null,
        1,
        1,
        229,
        null,
        null,
        null,
        null,
        1,
        1,
        23,
        null,
        null,
        null,
        null,
        1,
        1,
        12,
        null,
        null,
        null,
        1,
        1,
        17,
        null,
        null,
        null,
        1,
        1,
        14,
        null,
        null,
        null,
        1,
        1,
        7,
        null,
        null
      ],
      "/Users/woffendm/cs480/milestone4/nary_tree.rb": [
        1,
        null,
        1,
        1,
        0,
        null,
        null,
        null,
        null,
        null,
        null,
        null,
        null,
        null,
        1,
        1,
        null,
        1,
        482,
        482,
        null,
        null,
        null,
        null,
        null,
        null,
        1,
        0,
        0,
        null,
        0,
        0,
        null,
        null,
        0,
        0,
        null,
        null,
        null,
        1,
        0,
        0,
        0,
        0,
        0,
        null,
        null,
        0,
        0,
        null,
        null,
        null,
        null,
        null,
        1,
        null,
        1,
        1,
        1,
        3,
        null,
        null,
        null,
        null,
        null,
        1,
        null,
        2,
        null,
        2,
        2,
        null,
        0,
        0,
        null,
        null,
        null,
        4,
        2,
        2,
        2,
        null,
        null,
        2,
        null,
        null,
        3,
        null,
        1,
        null,
        null,
        2,
        null,
        null,
        null,
        null,
        null,
        1,
        null,
        17,
        null,
        6,
        null,
        6,
        null,
        17,
        6,
        null,
        null,
        null,
        67,
        17,
        17,
        17,
        null,
        null,
        17,
        null,
        null,
        15,
        null,
        12,
        null,
        null,
        null,
        17,
        6,
        4,
        null,
        2,
        null,
        null,
        null,
        17,
        null,
        null,
        null,
        null,
        null,
        null,
        null,
        1,
        null,
        30,
        24,
        null,
        null,
        null,
        30,
        77,
        24,
        null,
        null,
        null,
        107,
        107,
        30,
        30,
        null,
        30,
        30,
        null,
        null,
        null,
        null,
        0,
        0,
        null,
        0,
        null,
        null,
        null,
        1,
        1,
        0,
        0,
        null,
        0,
        null,
        null,
        null,
        5,
        2,
        3,
        0,
        3,
        2,
        1,
        1,
        null,
        0,
        null,
        null,
        null,
        4,
        3,
        1,
        1,
        null,
        0,
        null,
        null,
        5,
        0,
        5,
        4,
        1,
        1,
        null,
        0,
        null,
        null,
        4,
        4,
        null,
        0,
        null,
        null,
        1,
        1,
        null,
        0,
        null,
        null,
        null,
        null,
        30,
        null,
        null,
        null,
        null,
        null,
        1,
        0,
        0,
        null,
        0,
        0,
        null,
        null,
        0,
        null,
        null,
        null,
        null,
        1,
        52,
        52,
        null,
        null,
        null,
        10,
        6,
        null,
        4,
        null,
        null,
        4,
        null,
        0,
        null,
        1,
        null,
        1,
        null,
        4,
        20,
        null,
        null,
        null,
        null,
        0,
        null,
        0,
        null,
        18,
        18,
        null,
        null,
        null,
        null,
        0,
        0,
        null,
        14,
        1,
        null,
        13,
        null,
        null,
        null,
        null,
        null,
        null,
        1,
        428,
        418,
        null,
        null,
        428,
        null,
        null,
        1,
        83,
        null,
        83,
        77,
        null,
        null,
        null,
        null
      ],
      "/Users/woffendm/cs480/milestone4/spec/parser_spec.rb": [
        1,
        null,
        null,
        null,
        1,
        null,
        1,
        null,
        1,
        1,
        null,
        1,
        1,
        null,
        null,
        1,
        1,
        null,
        null,
        1,
        1,
        null,
        null,
        1,
        1,
        null,
        null,
        null,
        null,
        null,
        1,
        1,
        1,
        2,
        null,
        null,
        1,
        2,
        null,
        null,
        1,
        2,
        null,
        null,
        1,
        2,
        null,
        null,
        1,
        2,
        null,
        null,
        1,
        2,
        null,
        null,
        1,
        2,
        null,
        null,
        1,
        2,
        null,
        null,
        null,
        null,
        null,
        null
      ],
      "/Users/woffendm/cs480/milestone4/spec/scanner_spec.rb": [
        1,
        null,
        1,
        1,
        null,
        1,
        null,
        1,
        1,
        1,
        1,
        null,
        null,
        null,
        null,
        null,
        null,
        1,
        1,
        10,
        null,
        null,
        null,
        null,
        null,
        1,
        1,
        15,
        null,
        null,
        null,
        null,
        1,
        null,
        1,
        1,
        1,
        2,
        null,
        null,
        null,
        1,
        1,
        4,
        null,
        null,
        null,
        null,
        null,
        null,
        1,
        1,
        1,
        2,
        null,
        null,
        null,
        1,
        1,
        4,
        null,
        null,
        null,
        1,
        1,
        8,
        null,
        null,
        null,
        null,
        null,
        null,
        1,
        1,
        1,
        2,
        null,
        null,
        null,
        1,
        1,
        3,
        null,
        null,
        null,
        1,
        1,
        6,
        null,
        null,
        null,
        1,
        1,
        4,
        null,
        null,
        null,
        1,
        1,
        1,
        2,
        null,
        null,
        null,
        1,
        1,
        2,
        null,
        null,
        null,
        1,
        1,
        2,
        null,
        null,
        null,
        1,
        1,
        2,
        null,
        null,
        null,
        1,
        1,
        2,
        null,
        null,
        null,
        1,
        1,
        2,
        null,
        null,
        null,
        1,
        1,
        2,
        null,
        null,
        null,
        1,
        1,
        3,
        null,
        null,
        null,
        null,
        null,
        null,
        null,
        1,
        1,
        1,
        13,
        null,
        null,
        null,
        1,
        1,
        4,
        null,
        null,
        null,
        null,
        null,
        null,
        1,
        1,
        1,
        2,
        null,
        null,
        null,
        1,
        1,
        7,
        null,
        null,
        null,
        null,
        null,
        null,
        1,
        1,
        1,
        2,
        null,
        null,
        null,
        1,
        1,
        9,
        null,
        null,
        null,
        null,
        null,
        null,
        1,
        1,
        1,
        2,
        null,
        null,
        null,
        1,
        1,
        7,
        null,
        null,
        null,
        null,
        null,
        null,
        1,
        1,
        1,
        2,
        null,
        null,
        null,
        1,
        1,
        11,
        null,
        null,
        null,
        null,
        null,
        null,
        1,
        1,
        1,
        2,
        null,
        null,
        null,
        1,
        1,
        4,
        null,
        null,
        null,
        null,
        null,
        null,
        1,
        1,
        1,
        2,
        null,
        null,
        null,
        1,
        1,
        4,
        null,
        null,
        null,
        null,
        null,
        null,
        1,
        1,
        1,
        2,
        null,
        null,
        null,
        1,
        1,
        7,
        null,
        null,
        null,
        null,
        null,
        null,
        1,
        1,
        1,
        2,
        null,
        null,
        null,
        1,
        1,
        5,
        null,
        null,
        null,
        null,
        null,
        null,
        1,
        1,
        1,
        2,
        null,
        null,
        null,
        1,
        1,
        4,
        null,
        null,
        null,
        null,
        null,
        null,
        1,
        1,
        1,
        2,
        null,
        null,
        null,
        1,
        1,
        5,
        null,
        null,
        null,
        null,
        null,
        null,
        1,
        1,
        1,
        2,
        null,
        null,
        null,
        1,
        1,
        8,
        null,
        null,
        null,
        null,
        null,
        null,
        1,
        1,
        1,
        2,
        null,
        null,
        null,
        1,
        1,
        8,
        null,
        null,
        null,
        null,
        null,
        null,
        1,
        1,
        1,
        2,
        null,
        null,
        null,
        1,
        1,
        5,
        null,
        null,
        null,
        null,
        null,
        null,
        1,
        1,
        1,
        2,
        null,
        null,
        null,
        1,
        1,
        6,
        null,
        null,
        null,
        null,
        null,
        null,
        1,
        1,
        1,
        2,
        null,
        null,
        null,
        1,
        1,
        7,
        null,
        null,
        null,
        null,
        null,
        null,
        null
      ]
    },
    "timestamp": 1426101222
  }
}
